SF:lib/infrastructure/rebrickable/rebrickable_api_constants.dart
DA:9,4
DA:10,0
DA:11,0
DA:13,0
DA:14,0
DA:16,0
DA:17,0
DA:19,0
DA:20,0
DA:22,0
DA:23,0
DA:25,0
DA:27,0
DA:28,0
DA:30,0
DA:31,0
DA:33,0
DA:34,0
LF:18
LH:1
end_of_record
SF:lib/infrastructure/rebrickable/user_token_repository.dart
DA:12,1
DA:17,5
DA:18,2
DA:21,1
DA:22,1
DA:23,3
DA:24,1
DA:25,3
DA:26,3
LF:9
LH:9
end_of_record
SF:lib/injection.dart
DA:6,6
DA:8,0
DA:9,0
DA:13,0
LF:4
LH:1
end_of_record
SF:lib/application/cubit/authentication_cubit.dart
DA:14,1
DA:15,2
DA:17,1
DA:21,1
DA:22,3
DA:24,2
DA:25,4
DA:26,2
DA:27,1
DA:28,5
DA:29,2
LF:11
LH:11
end_of_record
SF:lib/application/cubit/authentication_state.dart
DA:4,2
DA:6,1
DA:7,1
DA:15,2
LF:4
LH:4
end_of_record
SF:lib/application/cubit/home_page_state.dart
DA:7,0
DA:8,0
DA:14,1
DA:16,1
DA:17,2
DA:23,1
DA:25,1
DA:26,2
LF:8
LH:6
end_of_record
SF:lib/application/cubit/home_page_cubit.dart
DA:15,3
DA:17,1
DA:18,3
DA:19,1
DA:20,2
DA:21,1
DA:23,2
DA:24,1
LF:8
LH:8
end_of_record
SF:lib/domain/failure.dart
DA:6,7
DA:8,1
DA:9,2
LF:3
LH:3
end_of_record
SF:lib/domain/set_list.dart
DA:8,1
DA:10,1
DA:11,4
LF:3
LH:3
end_of_record
SF:lib/infrastructure/rebrickable/set_list_repository.dart
DA:14,0
DA:16,0
DA:17,0
DA:19,0
DA:21,0
DA:22,0
DA:24,0
DA:25,0
DA:26,0
DA:27,0
DA:30,0
LF:11
LH:0
end_of_record
SF:lib/application/cubit/settings_cubit.dart
DA:13,1
DA:14,1
DA:19,0
DA:21,0
DA:23,1
DA:24,1
DA:26,1
DA:27,3
DA:30,1
DA:31,3
DA:34,1
DA:35,3
LF:12
LH:10
end_of_record
SF:lib/application/cubit/settings_state.dart
DA:9,0
DA:10,0
DA:11,0
DA:12,0
DA:13,0
DA:17,6
DA:22,1
DA:23,1
DA:24,1
DA:25,1
DA:26,1
DA:30,1
DA:34,1
DA:35,1
DA:36,1
DA:37,1
DA:39,1
DA:41,4
LF:18
LH:13
end_of_record
SF:lib/injection.config.dart
DA:20,0
DA:22,0
DA:23,0
DA:24,0
DA:25,0
DA:26,0
DA:27,0
DA:28,0
DA:29,0
DA:30,0
DA:31,0
DA:32,0
DA:33,0
LF:13
LH:0
end_of_record
