SF:lib/infrastructure/rebrickable/rebrickable_api_constants.dart
DA:9,4
DA:10,0
DA:11,0
DA:13,0
DA:14,0
DA:16,0
DA:17,0
DA:19,0
DA:20,0
DA:22,0
DA:23,0
DA:25,0
DA:26,0
DA:28,0
DA:29,0
DA:31,0
DA:32,0
LF:17
LH:1
end_of_record
SF:lib/infrastructure/rebrickable/user_token_repository.dart
DA:10,1
DA:13,5
DA:14,2
DA:17,1
DA:18,3
DA:19,1
DA:20,3
DA:21,3
LF:8
LH:8
end_of_record
SF:lib/injection.dart
DA:6,3
DA:8,0
DA:9,0
DA:13,0
LF:4
LH:1
end_of_record
SF:lib/domain/failure.dart
DA:6,1
DA:8,0
DA:9,0
LF:3
LH:1
end_of_record
SF:lib/injection.config.dart
DA:15,0
DA:17,0
DA:18,0
DA:19,0
LF:4
LH:0
end_of_record
SF:lib/application/cubit/settings_cubit.dart
DA:8,1
DA:9,1
DA:14,0
DA:16,0
DA:18,1
DA:19,1
DA:21,1
DA:22,3
DA:25,1
DA:26,3
DA:29,1
DA:30,3
LF:12
LH:10
end_of_record
SF:lib/application/cubit/settings_state.dart
DA:9,0
DA:10,0
DA:11,0
DA:12,0
DA:13,0
DA:17,3
DA:22,1
DA:23,1
DA:24,1
DA:25,1
DA:26,1
DA:30,1
DA:34,1
DA:35,1
DA:36,1
DA:37,1
DA:39,1
DA:41,4
LF:18
LH:13
end_of_record
